2025-07-05 09:48:40,792 | meetara_main_general_health_1751723320 | INFO | ================================================================================
2025-07-05 09:48:40,797 | meetara_main_general_health_1751723320 | INFO | 🚀 MEETARA LAB TRAINING SESSION STARTED
2025-07-05 09:48:40,798 | meetara_main_general_health_1751723320 | INFO | 📋 Session ID: general_health_1751723320
2025-07-05 09:48:40,798 | meetara_main_general_health_1751723320 | INFO | 🎯 Domain: general_health
2025-07-05 09:48:40,799 | meetara_main_general_health_1751723320 | INFO | ⏰ Start Time: 2025-07-05 09:48:40.751284
2025-07-05 09:48:40,799 | meetara_main_general_health_1751723320 | INFO | ================================================================================
2025-07-05 09:48:40,800 | meetara_main_general_health_1751723320 | INFO | 📊 CONFIGURATION LOADING
2025-07-05 09:48:40,801 | meetara_main_general_health_1751723320 | INFO |    YAML Config: ✅ Loaded
2025-07-05 09:48:40,802 | meetara_main_general_health_1751723320 | INFO |    JSON Config: ✅ Loaded
2025-07-05 09:48:40,802 | meetara_main_general_health_1751723320 | INFO |    Total Domains: 62
2025-07-05 09:48:40,803 | meetara_main_general_health_1751723320 | INFO | ✅ Domain 'general_health' validated successfully
2025-07-05 09:48:40,804 | meetara_main_general_health_1751723320 | INFO |    Category: healthcare
2025-07-05 09:48:40,810 | meetara_main_general_health_1751723320 | INFO | 🤖 Model Selected: microsoft/Phi-3-medium-14B-instruct (premium) for general_health
2025-07-05 09:48:40,821 | meetara_main_general_health_1751723320 | INFO | ⚙️ Parameters generated for general_health (premium)
2025-07-05 09:48:40,821 | meetara_main_general_health_1751723320 | INFO |    Batch size: 1
2025-07-05 09:48:40,821 | meetara_main_general_health_1751723320 | INFO |    LoRA rank: 20
2025-07-05 09:48:40,821 | meetara_main_general_health_1751723320 | INFO |    Max steps: 1500
2025-07-05 09:48:40,821 | meetara_main_general_health_1751723320 | INFO |    Learning rate: 3e-5
2025-07-05 09:48:40,821 | meetara_main_general_health_1751723320 | INFO | 🧠 DECISION: Model Selection
2025-07-05 09:48:40,821 | meetara_main_general_health_1751723320 | INFO |    Decision: Selected microsoft/Phi-3-medium-14B-instruct for general_health
2025-07-05 09:48:40,821 | meetara_main_general_health_1751723320 | INFO |    Reasoning: Premium tier model provides optimal performance for healthcare domain requirements
2025-07-05 09:48:40,821 | meetara_main_general_health_1751723320 | INFO | 🧠 DECISION: Parameter Optimization
2025-07-05 09:48:40,821 | meetara_main_general_health_1751723320 | INFO |    Decision: Using tier-specific parameters: batch_size=1, max_steps=1500, lora_r=20
2025-07-05 09:48:40,821 | meetara_main_general_health_1751723320 | INFO |    Reasoning: Parameters optimized for premium tier based on model size and domain complexity
2025-07-05 09:49:28,667 | meetara_main_general_health_1751723320 | INFO | 📝 SAMPLE GENERATION
2025-07-05 09:49:28,668 | meetara_main_general_health_1751723320 | INFO |    Domain: general_health
2025-07-05 09:49:28,668 | meetara_main_general_health_1751723320 | INFO |    Target Samples: 5,000
2025-07-05 09:49:28,669 | meetara_main_general_health_1751723320 | INFO |    Generated Samples: 5,000
2025-07-05 09:49:28,669 | meetara_main_general_health_1751723320 | INFO |    Quality Score: 95.00%
2025-07-05 09:49:28,669 | meetara_main_general_health_1751723320 | INFO |    Generation Time: 2.95s
2025-07-05 09:49:28,670 | meetara_main_general_health_1751723320 | INFO |    Generation Efficiency: 100.0%
2025-07-05 09:49:28,670 | meetara_main_general_health_1751723320 | INFO | 📦 GGUF CREATION
2025-07-05 09:49:28,671 | meetara_main_general_health_1751723320 | INFO |    Domain: general_health
2025-07-05 09:49:28,671 | meetara_main_general_health_1751723320 | INFO |    Format: Q4_K_M
2025-07-05 09:49:28,671 | meetara_main_general_health_1751723320 | INFO |    Size: 8.3MB
2025-07-05 09:49:28,672 | meetara_main_general_health_1751723320 | INFO |    Compression: Q4_K_M
2025-07-05 09:49:28,672 | meetara_main_general_health_1751723320 | INFO |    Quality: 98.5%
2025-07-05 09:49:28,672 | meetara_main_general_health_1751723320 | INFO |    Filename: meetara_general_health_q4_k_m.gguf
2025-07-05 09:49:28,672 | meetara_main_general_health_1751723320 | INFO | 🔍 QUALITY VALIDATION: ✅ PASSED
2025-07-05 09:49:28,672 | meetara_main_general_health_1751723320 | INFO |    Domain: general_health
2025-07-05 09:49:28,672 | meetara_main_general_health_1751723320 | INFO |    Quality Score: 100.0%
2025-07-05 09:49:28,672 | meetara_main_general_health_1751723320 | INFO |    Quality Target: 95.0%
2025-07-05 09:49:28,672 | meetara_main_general_health_1751723320 | INFO |    Difference: +5.0%
2025-07-05 09:49:28,672 | meetara_main_general_health_1751723320 | INFO | 🧠 DECISION: Training Completion
2025-07-05 09:49:28,672 | meetara_main_general_health_1751723320 | INFO |    Decision: Training completed for general_health
2025-07-05 09:49:28,677 | meetara_main_general_health_1751723320 | INFO |    Reasoning: Final loss: 0.000350, Quality: 100.0%, Time: 29.5s
2025-07-05 09:49:28,677 | meetara_main_general_health_1751723320 | INFO | ================================================================================
2025-07-05 09:49:28,678 | meetara_main_general_health_1751723320 | INFO | TRAINING SESSION COMPLETED
2025-07-05 09:49:28,679 | meetara_main_general_health_1751723320 | INFO | Session ID: general_health_1751723320
2025-07-05 09:49:28,680 | meetara_main_general_health_1751723320 | INFO | Domain: general_health
2025-07-05 09:49:28,680 | meetara_main_general_health_1751723320 | INFO | Duration: 0:00:47.926683
2025-07-05 09:49:28,681 | meetara_main_general_health_1751723320 | INFO | End Time: 2025-07-05 09:49:28.677967
2025-07-05 09:49:28,682 | meetara_main_general_health_1751723320 | INFO | Samples Generated: 5,000
2025-07-05 09:49:28,682 | meetara_main_general_health_1751723320 | INFO | Final Quality: 100.0%
2025-07-05 09:49:28,683 | meetara_main_general_health_1751723320 | INFO | ================================================================================
2025-07-05 09:49:28,696 | meetara_main_general_health_1751723320 | INFO | Session data saved to: logs\session_summary_general_health_general_health_1751723320.json
